Determining if the pthread_create exist failed with the following output:
Change Dir: /home/hunter/test_ws/src/swanson_robot/swanson_controls/build/CMakeFiles/CMakeTmp

Run Build Command:"/usr/bin/make" "cmTC_c1722/fast"
/usr/bin/make -f CMakeFiles/cmTC_c1722.dir/build.make CMakeFiles/cmTC_c1722.dir/build
make[1]: Entering directory '/home/hunter/test_ws/src/swanson_robot/swanson_controls/build/CMakeFiles/CMakeTmp'
Building C object CMakeFiles/cmTC_c1722.dir/CheckSymbolExists.c.o
/usr/lib/ccache/cc    -o CMakeFiles/cmTC_c1722.dir/CheckSymbolExists.c.o   -c /home/hunter/test_ws/src/swanson_robot/swanson_controls/build/CMakeFiles/CMakeTmp/CheckSymbolExists.c
Linking C executable cmTC_c1722
/usr/bin/cmake -E cmake_link_script CMakeFiles/cmTC_c1722.dir/link.txt --verbose=1
/usr/lib/ccache/cc      -rdynamic CMakeFiles/cmTC_c1722.dir/CheckSymbolExists.c.o  -o cmTC_c1722 
CMakeFiles/cmTC_c1722.dir/CheckSymbolExists.c.o: In function `main':
CheckSymbolExists.c:(.text+0x16): undefined reference to `pthread_create'
collect2: error: ld returned 1 exit status
CMakeFiles/cmTC_c1722.dir/build.make:97: recipe for target 'cmTC_c1722' failed
make[1]: *** [cmTC_c1722] Error 1
make[1]: Leaving directory '/home/hunter/test_ws/src/swanson_robot/swanson_controls/build/CMakeFiles/CMakeTmp'
Makefile:126: recipe for target 'cmTC_c1722/fast' failed
make: *** [cmTC_c1722/fast] Error 2

File /home/hunter/test_ws/src/swanson_robot/swanson_controls/build/CMakeFiles/CMakeTmp/CheckSymbolExists.c:
/* */
#include <pthread.h>

int main(int argc, char** argv)
{
  (void)argv;
#ifndef pthread_create
  return ((int*)(&pthread_create))[argc];
#else
  (void)argc;
  return 0;
#endif
}

Determining if the function pthread_create exists in the pthreads failed with the following output:
Change Dir: /home/hunter/test_ws/src/swanson_robot/swanson_controls/build/CMakeFiles/CMakeTmp

Run Build Command:"/usr/bin/make" "cmTC_f0634/fast"
/usr/bin/make -f CMakeFiles/cmTC_f0634.dir/build.make CMakeFiles/cmTC_f0634.dir/build
make[1]: Entering directory '/home/hunter/test_ws/src/swanson_robot/swanson_controls/build/CMakeFiles/CMakeTmp'
Building C object CMakeFiles/cmTC_f0634.dir/CheckFunctionExists.c.o
/usr/lib/ccache/cc   -DCHECK_FUNCTION_EXISTS=pthread_create   -o CMakeFiles/cmTC_f0634.dir/CheckFunctionExists.c.o   -c /usr/share/cmake-3.8/Modules/CheckFunctionExists.c
Linking C executable cmTC_f0634
/usr/bin/cmake -E cmake_link_script CMakeFiles/cmTC_f0634.dir/link.txt --verbose=1
/usr/lib/ccache/cc  -DCHECK_FUNCTION_EXISTS=pthread_create    -rdynamic CMakeFiles/cmTC_f0634.dir/CheckFunctionExists.c.o  -o cmTC_f0634 -lpthreads 
/usr/bin/ld: cannot find -lpthreads
collect2: error: ld returned 1 exit status
CMakeFiles/cmTC_f0634.dir/build.make:97: recipe for target 'cmTC_f0634' failed
make[1]: *** [cmTC_f0634] Error 1
make[1]: Leaving directory '/home/hunter/test_ws/src/swanson_robot/swanson_controls/build/CMakeFiles/CMakeTmp'
Makefile:126: recipe for target 'cmTC_f0634/fast' failed
make: *** [cmTC_f0634/fast] Error 2


